============================= test session starts ==============================
platform linux -- Python 3.13.7, pytest-9.0.3, pluggy-1.6.0
rootdir: /home/jordan/Programação/GlobalDataFinance
configfile: pytest.ini
testpaths: tests
plugins: asyncio-1.3.0, cov-7.1.0, anyio-4.13.0
asyncio: mode=Mode.STRICT, debug=False, asyncio_default_fixture_loop_scope=None, asyncio_default_test_loop_scope=function
collected 1285 items

<Dir GlobalDataFinance>
  <Dir tests>
    <Dir application>
      <Dir b3_docs>
        <Dir result_formatters>
          <Module test_historical_quotes_formatter.py>
            <Class TestHistoricalQuotesResultFormatter>
              <Function test_generate_message_with_no_errors>
              <Function test_generate_message_with_errors>
              <Function test_generate_message_formats_large_numbers>
              <Function test_generate_message_with_zero_records>
              <Function test_generate_message_with_single_file>
              <Function test_generate_message_with_all_files_failed>
              <Function test_determine_success_with_no_errors>
              <Function test_determine_success_with_errors>
              <Function test_determine_success_with_missing_error_count>
              <Function test_determine_success_with_zero_errors_string>
              <Function test_enrich_result_adds_success_flag>
              <Function test_enrich_result_adds_message>
              <Function test_enrich_result_preserves_original_data>
              <Function test_enrich_result_with_errors>
              <Function test_enrich_result_returns_modified_dict>
              <Function test_enrich_result_minimal_data>
              <Function test_static_methods_are_static>
              <Function test_generate_message_includes_all_required_info>
              <Function test_generate_message_with_very_large_numbers>
              <Function test_determine_success_with_negative_error_count>
              <Function test_enrich_result_does_not_modify_errors_field>
              <Function test_generate_message_output_file_path_variations>
        <Module test_extraction_result_formatter.py>
          <Class TestExtractionResultFormatter>
            <Function test_initialization_with_colors_enabled>
            <Function test_initialization_with_colors_disabled>
            <Function test_initialization_default_colors_enabled>
            <Function test_colorize_applies_color_when_enabled>
            <Function test_colorize_returns_plain_text_when_disabled>
            <Function test_print_result_with_successful_extraction>
            <Function test_print_result_with_errors>
            <Function test_print_result_displays_header>
            <Function test_print_result_displays_statistics_section>
            <Function test_print_result_shows_error_details_for_dict_errors>
            <Function test_print_result_shows_error_details_for_list_errors>
            <Function test_print_result_formats_large_record_count>
            <Function test_print_result_handles_missing_message>
            <Function test_print_result_handles_zero_records>
            <Function test_print_result_with_colors_contains_ansi_codes>
            <Function test_print_result_without_colors_no_ansi_codes>
            <Function test_color_constants_are_defined>
        <Module test_historical_quotes.py>
          <Class TestHistoricalQuotes>
            <Function test_initialization>
            <Function test_get_available_assets>
            <Function test_get_available_years>
            <Function test_extract_with_all_parameters>
            <Function test_extract_with_minimal_parameters>
            <Function test_extract_with_errors>
        <Module test_historical_quotes_result_formatter.py>
          <Class TestHistoricalQuotesResultFormatter>
            <Function test_generate_message_success>
            <Function test_generate_message_with_errors>
            <Function test_determine_success_no_errors>
            <Function test_determine_success_with_errors>
            <Function test_determine_success_missing_error_count>
            <Function test_enrich_result_success>
            <Function test_enrich_result_with_errors>
            <Function test_message_formatting_large_numbers>
      <Dir cvm_docs>
        <Module test_api_integration.py>
          <Class TestFundamentalStocksDataCVM>
            <Function test_scenario_success_download_returns_result>
            <Function test_scenario_success_download_with_errors>
            <Function test_scenario_success_get_available_docs>
            <Function test_scenario_success_get_available_years>
        <Module test_download_result_formatter.py>
          <Class TestDownloadResultFormatter>
            <Function test_initialization_with_colors_enabled>
            <Function test_initialization_with_colors_disabled>
            <Function test_initialization_default_colors_enabled>
            <Function test_colorize_applies_color_when_enabled>
            <Function test_colorize_returns_plain_text_when_disabled>
            <Function test_format_result_all_successful>
            <Function test_format_result_with_failures>
            <Function test_format_result_only_failures>
            <Function test_format_result_displays_header>
            <Function test_format_result_empty_result>
            <Function test_format_result_multiple_failures>
            <Function test_format_result_with_colors_contains_ansi_codes>
            <Function test_format_result_without_colors_no_ansi_codes>
            <Function test_print_result_calls_format_and_prints>
            <Function test_print_result_with_errors>
            <Function test_color_constants_are_defined>
            <Function test_format_result_preserves_newlines>
            <Function test_format_result_summary_calculation_accuracy>
            <Function test_format_result_displays_error_indicators>
        <Module test_file_validation.py>
          <Class TestAsyncDownloadAdapterCVMFileValidation>
            <Function test_scenario_success_file_size_exact_match>
            <Function test_scenario_success_file_size_within_tolerance>
            <Function test_scenario_error_file_size_outside_tolerance>
            <Function test_scenario_success_without_expected_size>
            <Function test_scenario_success_valid_zip>
            <Function test_scenario_error_corrupted_zip>
            <Function test_scenario_error_empty_zip>
            <Function test_scenario_error_nonexistent_file>
        <Module test_fundamental_stocks_data.py>
          <Class TestFundamentalStocksData>
            <Function test_initialization>
            <Function test_initialization_sets_download_adapter>
            <Function test_get_available_docs>
            <Function test_get_available_years>
            <Function test_download_with_all_parameters>
            <Function test_download_with_minimal_parameters>
            <Function test_download_enables_automatic_extractor_when_true>
            <Function test_download_with_specific_docs>
            <Function test_download_with_year_range>
            <Function test_download_with_errors>
            <Function test_download_without_automatic_extractor>
            <Function test_repr_returns_correct_string>
            <Function test_download_calls_result_formatter>
            <Function test_download_with_none_list_docs>
            <Function test_download_with_none_years>
            <Function test_get_available_docs_returns_dict>
            <Function test_get_available_years_returns_dict>
            <Function test_initialization_creates_use_cases>
            <Function test_download_returns_download_result>
        <Module test_path_traversal.py>
          <Class TestVerifyPathsUseCasesCVM>
            <Function test_scenario_success_normal_path>
            <Function test_scenario_error_path_traversal_etc>
            <Function test_scenario_error_path_traversal_sys>
            <Function test_scenario_error_path_traversal_proc>
            <Function test_scenario_error_path_traversal_dev>
            <Function test_scenario_error_path_traversal_boot>
            <Function test_scenario_error_path_traversal_root>
    <Dir brazil>
      <Dir b3_data>
        <Dir historical_quotes>
          <Dir application>
            <Module test_docs_to_extraction_use_case.py>
              <Class TestCreateDocsToExtractUseCaseInitialization>
                <Function test_initializes_with_all_parameters>
                <Function test_initializes_without_destination_path>
                <Function test_initializes_with_none_destination_path>
                <Function test_stores_all_parameters_correctly>
              <Class TestCreateDocsToExtractUseCaseExecute>
                <Function test_execute_returns_docs_to_extractor>
                <Function test_execute_calls_set_assets_use_case>
                <Function test_execute_calls_range_years_use_case>
                <Function test_execute_calls_verify_destination_path_use_case>
                <Function test_execute_calls_set_to_download_use_case>
                <Function test_execute_builds_entity_with_correct_data>
                <Function test_execute_raises_empty_asset_list_error>
                <Function test_execute_raises_invalid_assets_name>
                <Function test_execute_raises_invalid_first_year>
                <Function test_execute_raises_invalid_last_year>
                <Function test_execute_with_single_asset>
                <Function test_execute_with_all_assets>
            <Module test_extract_historical_quotes_use_case.py>
              <Class TestExtractHistoricalQuotesUseCaseInitialization>
                <Function test_initializes_with_dependencies>
                <Function test_initializes_zip_reader>
                <Function test_initializes_parser>
                <Function test_initializes_data_writer>
              <Class TestExecuteAsyncMethod>
                <Coroutine test_execute_returns_dict>
                <Coroutine test_execute_calls_extraction_service_factory>
                <Coroutine test_execute_calls_get_tpmerc_codes>
                <Coroutine test_execute_returns_empty_result_for_no_files>
                <Coroutine test_execute_with_custom_output_filename>
                <Coroutine test_execute_with_slow_processing_mode>
              <Class TestExecuteSyncMethod>
                <Function test_execute_sync_returns_dict>
                <Function test_execute_sync_with_all_parameters>
                <Function test_execute_sync_handles_empty_files>
              <Class TestOutputPathGeneration>
                <Coroutine test_generates_correct_output_path>
                <Coroutine test_uses_default_filename>
            <Module test_get_available_assets.py>
              <Class TestGetAvailableAssetsUseCase>
                <Function test_execute_returns_list>
                <Function test_execute_returns_non_empty_list>
                <Function test_execute_returns_expected_assets>
                <Function test_execute_returns_seven_assets>
                <Function test_execute_returns_strings>
                <Function test_execute_has_acoes>
                <Function test_execute_has_etf>
                <Function test_execute_has_opcoes>
                <Function test_execute_has_termo>
                <Function test_execute_has_exercicio_opcoes>
                <Function test_execute_has_forward>
                <Function test_execute_has_leilao>
                <Function test_execute_no_duplicates>
                <Function test_execute_is_static_method>
                <Function test_execute_consistent_results>
                <Function test_execute_returns_lowercase_assets>
                <Function test_execute_returns_valid_identifiers>
            <Module test_get_available_years_historical_quotes_use_case.py>
              <Class TestGetAvailableYearsUseCaseB3>
                <Function test_get_atual_year_returns_current_year>
                <Function test_get_atual_year_returns_integer>
                <Function test_get_atual_year_returns_reasonable_value>
                <Function test_get_minimal_year_returns_1986>
                <Function test_get_minimal_year_returns_integer>
                <Function test_get_minimal_year_is_constant>
                <Function test_minimal_year_less_than_atual_year>
                <Function test_can_instantiate_use_case>
                <Function test_methods_are_callable>
                <Function test_multiple_instances_return_same_values>
                <Function test_year_range_is_valid>
                <Function test_minimal_year_in_past>
                <Function test_get_atual_year_consistent_with_date_module>
                <Function test_get_minimal_year_matches_b3_history>
            <Module test_range_years_use_case.py>
              <Class TestCreateRangeYearsUseCaseB3>
                <Function test_execute_returns_range>
                <Function test_execute_with_valid_years>
                <Function test_execute_with_single_year>
                <Function test_execute_with_consecutive_years>
                <Function test_execute_from_min_year>
                <Function test_execute_to_current_year>
                <Function test_execute_long_range>
                <Function test_execute_raises_invalid_first_year_for_year_before_1986>
                <Function test_execute_raises_invalid_first_year_for_future_year>
                <Function test_execute_raises_invalid_first_year_for_non_integer>
                <Function test_execute_raises_invalid_first_year_for_float>
                <Function test_execute_raises_invalid_first_year_for_none>
                <Function test_execute_raises_invalid_last_year_for_year_before_initial>
                <Function test_execute_raises_invalid_last_year_for_future_year>
                <Function test_execute_raises_invalid_last_year_for_non_integer>
                <Function test_execute_raises_invalid_last_year_for_float>
                <Function test_execute_raises_invalid_last_year_for_none>
                <Function test_execute_is_static_method>
                <Function test_execute_range_is_inclusive>
                <Function test_execute_range_can_be_iterated>
                <Function test_execute_range_supports_membership>
                <Function test_execute_with_minimum_and_current_year>
                <Function test_execute_raises_invalid_first_year_for_negative_year>
                <Function test_execute_raises_invalid_first_year_for_zero>
            <Module test_set_assets_use_case.py>
              <Class TestCreateSetAssetsUseCaseB3>
                <Function test_execute_returns_set>
                <Function test_execute_with_single_asset>
                <Function test_execute_with_multiple_assets>
                <Function test_execute_with_all_assets>
                <Function test_execute_removes_duplicates>
                <Function test_execute_raises_empty_asset_list_error_for_empty_list>
                <Function test_execute_raises_empty_asset_list_error_for_non_list>
                <Function test_execute_raises_empty_asset_list_error_for_none>
                <Function test_execute_raises_invalid_assets_name_for_invalid_asset>
                <Function test_execute_raises_invalid_assets_name_for_mixed_valid_invalid>
                <Function test_execute_raises_invalid_assets_name_for_non_string>
                <Function test_execute_is_case_insensitive>
                <Function test_execute_with_acoes>
                <Function test_execute_with_etf>
                <Function test_execute_with_opcoes>
                <Function test_execute_with_termo>
                <Function test_execute_with_exercicio_opcoes>
                <Function test_execute_with_forward>
                <Function test_execute_with_leilao>
                <Function test_execute_is_static_method>
                <Function test_execute_raises_empty_asset_list_error_for_dict>
                <Function test_execute_raises_empty_asset_list_error_for_set>
                <Function test_execute_with_tuple_input>
                <Function test_execute_preserves_valid_assets_only>
                <Function test_execute_with_list_containing_empty_string>
                <Function test_execute_with_list_containing_whitespace>
                <Function test_execute_returns_set_not_list>
            <Module test_set_docs_to_download_use_case.py>
              <Class TestCreateSetToDownloadUseCaseB3>
                <Function test_execute_returns_set>
                <Function test_execute_calls_validate_directory_path>
                <Function test_execute_calls_find_files_by_years>
                <Function test_execute_with_single_year>
                <Function test_execute_with_multiple_years>
                <Function test_execute_returns_empty_set_when_no_files_found>
                <Function test_execute_with_long_year_range>
                <Function test_execute_is_static_method>
                <Function test_execute_with_path_containing_spaces>
                <Function test_execute_with_empty_range>
                <Function test_execute_creates_file_system_service>
                <Function test_execute_passes_validated_path_to_find_files>
                <Function test_execute_returns_result_from_find_files>
            <Module test_validate_destination_path_use_case.py>
              <Class TestVerifyDestinationPathsUseCaseB3>
                <Function test_execute_with_valid_existing_directory>
                <Function test_execute_creates_non_existing_directory>
                <Function test_execute_creates_nested_directories>
                <Function test_execute_raises_type_error_for_non_string>
                <Function test_execute_raises_type_error_for_none>
                <Function test_execute_raises_type_error_for_list>
                <Function test_execute_raises_invalid_destination_path_for_empty_string>
                <Function test_execute_raises_invalid_destination_path_for_whitespace>
                <Function test_execute_raises_path_is_not_directory_for_file>
                <Function test_execute_raises_path_permission_error_for_no_write_permission>
                <Function test_execute_expands_user_home_directory>
                <Function test_execute_resolves_relative_paths>
                <Function test_execute_handles_path_with_spaces>
                <Function test_execute_handles_path_with_special_characters>
                <Function test_execute_is_static_method>
                <Function test_execute_with_existing_writable_directory>
                <Function test_execute_raises_permission_error_on_mkdir_failure>
                <Function test_execute_raises_os_error_on_mkdir_failure>
                <Function test_execute_does_not_modify_existing_directory>
                <Function test_execute_with_absolute_path>
                <Function test_execute_normalizes_path>
          <Dir domain>
            <Dir entities>
              <Module test_docs_to_extractor.py>
                <Class TestDocsToExtractor>
                  <Function test_create_docs_to_extractor_with_all_fields>
                  <Function test_create_docs_to_extractor_with_default_documents>
                  <Function test_docs_to_extractor_with_empty_set_assets>
                  <Function test_docs_to_extractor_with_single_year_range>
                  <Function test_docs_to_extractor_with_empty_range>
                  <Function test_docs_to_extractor_is_dataclass>
                  <Function test_docs_to_extractor_fields_are_mutable>
                  <Function test_docs_to_extractor_with_special_characters_in_paths>
                  <Function test_docs_to_extractor_with_multiple_asset_classes>
                  <Function test_docs_to_extractor_with_large_document_set>
                  <Function test_docs_to_extractor_equality>
                  <Function test_docs_to_extractor_inequality>
            <Dir exceptions>
              <Module test_exception_domain.py>
                <Class TestInvalidFirstYear>
                  <Function test_exception_with_valid_parameters>
                  <Function test_exception_message_contains_constraints>
                  <Function test_exception_with_different_years>
                  <Function test_exception_can_be_raised>
                  <Function test_exception_with_current_year>
                <Class TestInvalidLastYear>
                  <Function test_exception_with_valid_parameters>
                  <Function test_exception_message_contains_constraints>
                  <Function test_exception_with_different_years>
                  <Function test_exception_can_be_raised>
                  <Function test_exception_references_first_year>
                <Class TestInvalidAssetsName>
                  <Function test_exception_with_single_invalid_asset>
                  <Function test_exception_with_multiple_invalid_assets>
                  <Function test_exception_shows_available_assets>
                  <Function test_exception_with_empty_available_list>
                  <Function test_exception_can_be_raised>
                  <Function test_exception_message_structure>
                <Class TestEmptyAssetListError>
                  <Function test_exception_with_default_message>
                  <Function test_exception_with_custom_message>
                  <Function test_exception_can_be_raised_with_default_message>
                  <Function test_exception_can_be_raised_with_custom_message>
                  <Function test_exception_is_exception_type>
                  <Function test_exception_with_empty_string_message>
                  <Function test_exception_with_multiline_message>
            <Dir services>
              <Module test_available_assets_service.py>
                <Class TestGetAvailableAssets>
                  <Function test_returns_list_of_assets>
                  <Function test_returns_non_empty_list>
                  <Function test_returns_expected_asset_classes>
                  <Function test_returns_seven_asset_classes>
                  <Function test_all_elements_are_strings>
                  <Function test_no_duplicate_assets>
                  <Function test_is_class_method>
                <Class TestValidateAndCreateAssetSet>
                  <Function test_validates_single_valid_asset>
                  <Function test_validates_multiple_valid_assets>
                  <Function test_validates_all_available_assets>
                  <Function test_removes_duplicates_from_list>
                  <Function test_raises_empty_asset_list_error_for_empty_list>
                  <Function test_raises_empty_asset_list_error_for_non_list>
                  <Function test_raises_empty_asset_list_error_for_none>
                  <Function test_raises_invalid_assets_name_for_non_string_elements>
                  <Function test_raises_invalid_assets_name_for_invalid_asset>
                  <Function test_raises_invalid_assets_name_for_all_invalid_assets>
                  <Function test_raises_invalid_assets_name_with_mixed_valid_invalid>
                  <Function test_is_case_insensitive>
                  <Function test_validates_with_dict_input>
                  <Function test_validates_with_set_input>
                <Class TestGetTpmercCodesForAssets>
                  <Function test_returns_codes_for_acoes>
                  <Function test_returns_codes_for_etf>
                  <Function test_returns_codes_for_opcoes>
                  <Function test_returns_codes_for_termo>
                  <Function test_returns_codes_for_exercicio_opcoes>
                  <Function test_returns_codes_for_forward>
                  <Function test_returns_codes_for_leilao>
                  <Function test_returns_combined_codes_for_multiple_assets>
                  <Function test_returns_all_codes_for_all_assets>
                  <Function test_returns_empty_set_for_empty_input>
                  <Function test_ignores_invalid_asset_with_warning>
                  <Function test_ignores_all_invalid_assets_with_warning>
                  <Function test_handles_uppercase_assets_normalized>
                  <Function test_normalizes_whitespace_in_asset_names>
                  <Function test_no_duplicate_codes_returned>
                  <Function test_all_codes_are_strings>
                  <Function test_all_codes_are_three_digits>
              <Module test_year_validation_service.py>
                <Class TestGetCurrentYear>
                  <Function test_returns_current_year>
                  <Function test_returns_integer>
                  <Function test_returns_reasonable_year>
                  <Function test_is_class_method>
                <Class TestGetMinYear>
                  <Function test_returns_1986>
                  <Function test_returns_integer>
                  <Function test_is_class_method>
                  <Function test_min_year_is_constant>
                <Class TestValidateAndCreateYearRangeB3>
                  <Function test_creates_valid_year_range>
                  <Function test_creates_range_with_same_year>
                  <Function test_creates_range_from_min_year_to_current>
                  <Function test_creates_range_for_single_recent_year>
                  <Function test_raises_invalid_first_year_for_year_before_1986>
                  <Function test_raises_invalid_first_year_for_future_year>
                  <Function test_raises_invalid_first_year_for_non_integer>
                  <Function test_raises_invalid_first_year_for_float>
                  <Function test_raises_invalid_first_year_for_none>
                  <Function test_raises_invalid_last_year_for_year_before_initial>
                  <Function test_raises_invalid_last_year_for_future_year>
                  <Function test_raises_invalid_last_year_for_non_integer>
                  <Function test_raises_invalid_last_year_for_float>
                  <Function test_raises_invalid_last_year_for_none>
                  <Function test_accepts_min_year_as_initial>
                  <Function test_accepts_current_year_as_last>
                  <Function test_validates_with_mocked_current_year>
                  <Function test_validates_long_year_range>
                  <Function test_raises_invalid_first_year_for_negative_year>
                  <Function test_raises_invalid_first_year_for_zero>
                  <Function test_is_class_method>
                  <Function test_exception_contains_correct_min_year>
                  <Function test_exception_contains_correct_current_year>
            <Dir value_objects>
              <Module test_processing_mode.py>
                <Class TestProcessingModeEnumB3>
                  <Function test_enum_has_fast_mode>
                  <Function test_enum_has_slow_mode>
                  <Function test_fast_mode_value>
                  <Function test_slow_mode_value>
                  <Function test_enum_has_main_members>
                  <Function test_enum_members_are_strings>
                  <Function test_enum_inherits_from_str>
                  <Function test_can_compare_with_string>
                  <Function test_can_use_in_string_context>
                  <Function test_enum_members_are_unique>
                  <Function test_can_access_by_name>
                  <Function test_can_access_by_value>
                  <Function test_invalid_value_raises_error>
                  <Function test_invalid_name_raises_error>
                  <Function test_enum_iteration>
                  <Function test_enum_names_property>
                  <Function test_enum_values_property>
                  <Function test_enum_repr>
                  <Function test_enum_str>
                  <Function test_enum_equality>
                  <Function test_enum_identity>
                  <Function test_enum_in_dict_key>
                  <Function test_enum_in_set>
                  <Function test_enum_hashable>
                  <Function test_case_sensitive_comparison>
              <Module test_year_range.py>
                <Class TestYearRangeB3Creation>
                  <Function test_creates_valid_year_range>
                  <Function test_creates_range_with_same_year>
                  <Function test_creates_range_with_consecutive_years>
                  <Function test_creates_range_with_large_span>
                <Class TestYearRangeB3Validation>
                  <Function test_raises_error_for_non_integer_initial_year>
                  <Function test_raises_error_for_non_integer_last_year>
                  <Function test_raises_error_for_float_initial_year>
                  <Function test_raises_error_for_float_last_year>
                  <Function test_raises_error_for_initial_greater_than_last>
                  <Function test_raises_error_for_future_last_year>
                  <Function test_accepts_current_year_as_last_year>
                  <Function test_raises_error_for_none_initial_year>
                  <Function test_raises_error_for_none_last_year>
                  <Function test_raises_error_for_both_none>
                  <Function test_accepts_old_years>
                <Class TestYearRangeB3Immutability>
                  <Function test_is_frozen_dataclass>
                  <Function test_cannot_modify_last_year>
                  <Function test_cannot_add_new_attributes>
                <Class TestYearRangeB3ToRange>
                  <Function test_converts_to_python_range>
                  <Function test_range_is_inclusive>
                  <Function test_range_for_single_year>
                  <Function test_range_for_consecutive_years>
                  <Function test_range_for_long_span>
                  <Function test_range_can_be_iterated>
                  <Function test_range_can_be_used_in_membership_test>
                <Class TestYearRangeB3StringRepresentation>
                  <Function test_str_representation>
                  <Function test_str_for_single_year>
                  <Function test_repr_representation>
                  <Function test_repr_is_detailed>
                <Class TestYearRangeB3Equality>
                  <Function test_equal_year_ranges>
                  <Function test_unequal_year_ranges_different_initial>
                  <Function test_unequal_year_ranges_different_last>
                  <Function test_unequal_year_ranges_completely_different>
                  <Function test_not_equal_to_other_types>
                <Class TestYearRangeB3Hashability>
                  <Function test_is_hashable>
                  <Function test_can_be_used_in_set>
                  <Function test_can_be_used_as_dict_key>
                  <Function test_equal_ranges_have_same_hash>
          <Dir infra>
            <Module test_cotahist_parser.py>
              <Class TestCotahistParserB3>
                <Function test_initialization>
                <Function test_parse_header_line_returns_none>
                <Function test_parse_trailer_line_returns_none>
                <Function test_parse_valid_quote_record>
                <Function test_parse_line_with_non_matching_tpmerc>
                <Function test_parse_line_filters_by_target_codes>
                <Function test_parse_short_line>
                <Function test_parse_long_line>
                <Function test_parse_extremely_long_line>
                <Function test_parse_empty_line>
                <Function test_parse_line_with_single_char>
                <Function test_parse_line_with_invalid_type>
                <Function test_error_count_increments_on_errors>
                <Function test_parse_line_with_unicode_characters>
              <Class TestCotahistParserB3FieldParsing>
                <Function test_parse_date_valid>
                <Function test_parse_date_invalid>
                <Function test_parse_date_empty>
                <Function test_parse_date_zeros>
                <Function test_parse_date_with_whitespace>
                <Function test_parse_date_optional_valid>
                <Function test_parse_date_optional_empty>
                <Function test_parse_date_optional_zeros>
                <Function test_parse_decimal_v99_valid>
                <Function test_parse_decimal_v99_zero>
                <Function test_parse_decimal_v99_empty>
                <Function test_parse_decimal_v99_whitespace>
                <Function test_parse_decimal_v99_invalid>
                <Function test_parse_decimal_v99_large_value>
                <Function test_parse_int_valid>
                <Function test_parse_int_zero>
                <Function test_parse_int_empty>
                <Function test_parse_int_whitespace>
                <Function test_parse_int_invalid>
                <Function test_parse_int_large_value>
                <Function test_safe_slice_valid>
                <Function test_safe_slice_out_of_bounds>
                <Function test_safe_slice_negative_start>
                <Function test_safe_slice_start_after_end>
                <Function test_safe_slice_empty_string>
              <Class TestCotahistParserB3EdgeCases>
                <Function test_parse_line_with_all_zeros>
                <Function test_parse_line_with_all_spaces>
                <Function test_parse_line_with_mixed_valid_invalid_data>
                <Function test_multiple_lines_parsing>
                <Function test_error_logging_limit>
                <Function test_parse_line_with_boundary_dates>
                <Function test_parse_line_preserves_immutability>
                <Function test_empty_target_codes_set>
                <Function test_parse_quote_record_with_exception_returns_defaults>
              <Class TestCotahistParserB3Integration>
                <Function test_parse_complete_cotahist_sample>
                <Function test_parser_handles_real_world_variations>
                <Function test_concurrent_parsing_safety>
            <Module test_extraction_service.py>
              <Function test_extraction_service_initialization_fast_mode>
              <Function test_extraction_service_initialization_slow_mode>
              <Coroutine test_extraction_service_wait_for_resources>
              <Coroutine test_extraction_service_write_buffer_to_disk>
              <Coroutine test_process_and_write_zip_slow_mode>
              <Coroutine test_process_and_write_zip_fast_mode>
              <Coroutine test_process_and_write_zip_propagates_errors>
              <Coroutine test_parse_lines_batch_parallel_filters_none>
              <Function test_parse_lines_batch_filters_by_target>
              <Coroutine test_extract_from_zip_files_success>
              <Coroutine test_extract_from_zip_files_handles_errors>
              <Function test_extraction_service_cleanup_graceful_shutdown>
              <Function test_extraction_service_cleanup_no_pool_in_slow_mode>
              <Function test_extraction_service_cleanup_handles_shutdown_errors>
            <Module test_extraction_service_factory.py>
              <Function test_extraction_service_factory_creates_fast_service>
              <Function test_extraction_service_factory_creates_slow_service>
              <Function test_extraction_service_factory_invalid_mode>
            <Module test_file_system_service.py>
              <Class TestFileSystemService>
                <Function test_validate_directory_path_valid>
                <Function test_validate_directory_path_with_files>
                <Function test_validate_directory_path_not_string_type>
                <Function test_validate_directory_path_none>
                <Function test_validate_directory_path_empty_string>
                <Function test_validate_directory_path_whitespace_only>
                <Function test_validate_directory_path_nonexistent>
                <Function test_validate_directory_path_is_file>
                <Function test_validate_directory_path_empty_directory>
                <Function test_validate_directory_path_with_tilde_expansion>
                <Function test_validate_directory_path_relative>
              <Class TestFileSystemServiceSecurityValidation>
                <Function test_validate_path_safety_blocks_etc>
                <Function test_validate_path_safety_blocks_root>
                <Function test_validate_path_safety_blocks_sys>
                <Function test_validate_path_safety_blocks_proc>
                <Function test_validate_path_safety_blocks_dev>
                <Function test_validate_path_safety_blocks_boot>
                <Function test_validate_path_safety_allows_safe_paths>
                <Function test_validate_path_safety_allows_home_directory>
                <Function test_validate_directory_with_path_traversal_attempt>
              <Class TestFileSystemServiceFindFiles>
                <Function test_find_files_by_years_single_year>
                <Function test_find_files_by_years_multiple_years>
                <Function test_find_files_by_years_no_matches>
                <Function test_find_files_by_years_empty_directory>
                <Function test_find_files_by_years_ignores_subdirectories>
                <Function test_find_files_by_years_various_extensions>
                <Function test_find_files_by_years_year_in_different_positions>
                <Function test_find_files_by_years_partial_year_match>
                <Function test_find_files_by_years_empty_range>
                <Function test_find_files_by_years_duplicate_filenames>
              <Class TestFileSystemServiceIntegration>
                <Function test_validate_and_find_workflow>
                <Function test_handles_symlinks>
                <Function test_multiple_validations>
                <Function test_large_directory>
              <Class TestFileSystemServiceEdgeCases>
                <Function test_directory_with_special_characters>
                <Function test_directory_with_unicode_name>
                <Function test_very_long_path>
                <Function test_find_files_with_numeric_only_names>
                <Function test_case_sensitivity_in_years>
            <Module test_parquet_writer.py>
              <Coroutine test_parquet_writer_skips_empty_data>
              <Coroutine test_parquet_writer_raises_on_memory_exhaustion>
              <Coroutine test_parquet_writer_overwrite_mode>
              <Coroutine test_parquet_writer_append_uses_streaming>
              <Coroutine test_parquet_writer_append_uses_streaming_when_low_memory>
              <Function test_parquet_writer_check_disk_space_raises>
              <Coroutine test_parquet_writer_translates_oserror_disk_full>
              <Coroutine test_parquet_writer_raises_ioerror_for_other_oserror>
              <Coroutine test_parquet_writer_propagates_unexpected_exception>
            <Module test_zip_reader.py>
              <Class TestZipFileReader>
                <Coroutine test_read_lines_from_zip_file_not_found>
                <Coroutine test_read_lines_from_zip_invalid_path_type>
                <Coroutine test_read_lines_from_zip_empty_path>
                <Coroutine test_read_lines_from_zip_directory_path>
                <Coroutine test_read_lines_from_zip_corrupted_file>
                <Coroutine test_read_lines_from_zip_no_txt_file>
                <Coroutine test_read_lines_from_zip_valid_file>
                <Coroutine test_read_lines_from_zip_empty_txt_file>
                <Coroutine test_read_lines_from_zip_single_line>
                <Coroutine test_read_lines_from_zip_large_file>
                <Coroutine test_read_lines_from_zip_latin1_encoding>
                <Coroutine test_read_lines_from_zip_multiple_txt_files>
                <Coroutine test_read_lines_from_zip_mixed_case_extension>
                <Coroutine test_read_lines_from_zip_with_empty_lines>
                <Coroutine test_read_lines_from_zip_whitespace_lines>
                <Coroutine test_read_lines_from_zip_special_characters>
                <Coroutine test_read_lines_from_zip_long_lines>
              <Class TestZipFileReaderIntegration>
                <Coroutine test_read_real_world_cotahist_structure>
                <Coroutine test_concurrent_reading>
                <Coroutine test_error_handling_in_stream>
                <Coroutine test_memory_efficiency_with_large_file>
              <Class TestZipFileReaderEdgeCases>
                <Coroutine test_zip_with_nested_directories>
                <Coroutine test_zip_with_compressed_txt>
                <Coroutine test_multiple_reads_same_zip>
                <Coroutine test_partial_iteration>
          <Dir integration>
            <Module test_integration_historical_quote.py>
              <Class TestFastModeExtraction>
                <Function test_initialization>
                <Function test_get_available_assets>
                <Function test_get_available_years>
                <Function test_fast_mode_extraction>
                <Function test_slow_mode_extraction>
                <Function test_multiple_assets>
                <Function test_multiple_years_and_assets>
                <Function test_invalid_processing_mode>
                <Function test_output_filename_without_extension>
                <Function test_output_filename_with_extension>
      <Dir cvm>
        <Dir fundamental_stocks_data>
          <Dir application>
            <Dir interfaces>
              <Module test_download_repository.py>
                <Class TestDownloadDocsCVMRepositoryInterface>
                  <Function test_is_abstract_base_class>
                  <Function test_has_download_docs_method>
                  <Function test_cannot_instantiate_directly>
                  <Function test_download_docs_is_abstract_method>
                <Class TestDownloadDocsCVMRepositoryContract>
                  <Function test_concrete_implementation_must_implement_download_docs>
                  <Function test_concrete_implementation_with_download_docs_works>
                  <Function test_download_docs_method_signature>
                <Class TestDownloadDocsCVMRepositoryDocumentation>
                  <Function test_class_has_docstring>
                  <Function test_download_docs_method_has_docstring>
                  <Function test_docstring_mentions_download>
                  <Function test_download_docs_docstring_mentions_parameters>
                  <Function test_download_docs_docstring_mentions_return>
                <Class TestDownloadDocsCVMRepositoryConcreteImplementations>
                  <Function test_simple_concrete_repository>
                  <Function test_repository_with_successful_downloads>
                  <Function test_repository_with_errors>
                  <Function test_repository_can_raise_exceptions>
                <Class TestDownloadDocsCVMRepositoryPolymorphism>
                  <Function test_can_use_repository_polymorphically>
                  <Function test_dependency_injection_with_interface>
                <Class TestDownloadDocsCVMRepositoryReturnType>
                  <Function test_download_docs_returns_download_result>
                  <Function test_download_docs_returns_populated_result>
                <Class TestDownloadDocsCVMRepositoryParameterTypes>
                  <Function test_tasks_parameter_accepts_list_of_tuples>
                  <Function test_tasks_parameter_tuple_elements_are_strings>
                <Class TestDownloadDocsCVMRepositoryInstanceChecks>
                  <Function test_isinstance_check_works>
                  <Function test_issubclass_check_works>
                  <Function test_non_repository_not_instance>
                <Class TestDownloadDocsCVMRepositoryEdgeCases>
                  <Function test_repository_with_empty_tasks_list>
                  <Function test_repository_with_many_tasks>
              <Module test_file_extractor.py>
                <Class TestFileExtractorInterface>
                  <Function test_is_abstract_base_class>
                  <Function test_has_extract_method>
                  <Function test_cannot_instantiate_directly>
                  <Function test_extract_is_abstract_method>
                <Class TestFileExtractorContract>
                  <Function test_concrete_implementation_must_implement_extract>
                  <Function test_concrete_implementation_with_extract_works>
                  <Function test_extract_method_signature_in_concrete_class>
                <Class TestFileExtractorDocumentation>
                  <Function test_class_has_docstring>
                  <Function test_extract_method_has_docstring>
                  <Function test_docstring_mentions_extraction>
                  <Function test_extract_docstring_mentions_parameters>
                <Class TestFileExtractorConcreteImplementations>
                  <Function test_simple_concrete_extractor>
                  <Function test_extractor_with_custom_logic>
                  <Function test_extractor_can_raise_exceptions>
                <Class TestFileExtractorPolymorphism>
                  <Function test_can_use_extractor_polymorphically>
                  <Function test_dependency_injection_with_interface>
                <Class TestFileExtractorMethodContract>
                  <Function test_extract_returns_none>
                  <Function test_extract_accepts_string_parameters>
                <Class TestFileExtractorMultipleInheritance>
                  <Function test_can_inherit_from_multiple_classes>
                <Class TestFileExtractorInstanceChecks>
                  <Function test_isinstance_check_works>
                  <Function test_issubclass_check_works>
                  <Function test_non_extractor_not_instance>
            <Dir use_cases>
              <Module test_download_documents_use_case.py>
                <Class TestDownloadDocumentsUseCaseOrchestration>
                  <Function test_orchestrator_calls_repository>
                  <Function test_orchestrator_passes_validated_data_to_repository>
                  <Function test_orchestrator_returns_download_result>
                  <Function test_orchestrator_creates_directory_via_validator>
                  <Function test_orchestrator_generates_correct_tasks>
                  <Function test_orchestrator_respects_year_constraints_for_itr>
                  <Function test_orchestrator_respects_year_constraints_for_cgvn>
                <Class TestDownloadDocumentsUseCaseBackwardCompatibility>
                  <Function test_same_interface_as_before>
                  <Function test_handles_none_doc_types>
                  <Function test_handles_none_years>
                  <Function test_creates_directory_if_not_exists>
                <Class TestDownloadDocumentsUseCaseErrorHandling>
                  <Function test_validation_error_stops_execution>
                  <Function test_invalid_year_error_stops_execution>
                  <Function test_repository_error_is_propagated>
                <Class TestDownloadDocumentsUseCaseInitialization>
                  <Function test_init_with_valid_repository>
                  <Function test_init_with_invalid_repository_raises_error>
                  <Function test_init_with_none_repository_raises_error>
                  <Function test_init_creates_sub_use_cases>
                <Class TestDownloadDocumentsUseCaseLogging>
                  <Function test_logs_orchestration_start>
                  <Function test_logs_download_completion>
                <Class TestDownloadDocumentsUseCaseIntegrationWithRealSubUseCases>
                  <Function test_full_integration_with_real_sub_use_cases>
                  <Function test_integration_with_multiple_docs_and_years>
                <Class TestDownloadDocumentsUseCaseTaskPreparation>
                  <Function test_tasks_contain_correct_structure>
                  <Function test_tasks_match_years_from_docs_paths>
                  <Function test_tasks_urls_match_years>
                  <Function test_tasks_destination_paths_are_valid>
                  <Function test_missing_url_for_year_logs_warning>
                  <Function test_tasks_with_all_document_types>
                  <Function test_task_urls_contain_correct_doc_type>
                  <Function test_task_urls_end_with_zip>
                  <Function test_tasks_for_multiple_years_ordered_correctly>
                  <Function test_tasks_preserve_absolute_paths>
                  <Function test_empty_tasks_when_no_valid_years>
                  <Function test_tasks_count_matches_valid_years_count>
              <Module test_generate_download_urls_use_case.py>
                <Class TestGenerateUrlsUseCaseSuccess>
                  <Function test_generate_urls_for_single_doc_single_year>
                  <Function test_generate_urls_for_single_doc_multiple_years>
                  <Function test_generate_urls_for_multiple_docs_single_year>
                  <Function test_generate_urls_for_multiple_docs_multiple_years>
                  <Function test_generate_urls_contains_valid_cvm_url_pattern>
                  <Function test_generate_urls_for_all_available_doc_types>
                  <Function test_generate_urls_returns_correct_year_count>
                  <Function test_generate_urls_for_minimum_year_range>
                <Class TestGenerateUrlsUseCaseDocTypeErrors>
                  <Function test_generate_urls_with_invalid_doc_type_raises_error>
                  <Function test_generate_urls_with_mixed_valid_invalid_raises_error>
                  <Function test_generate_urls_with_empty_doc_list_raises_error>
                  <Function test_generate_urls_with_none_doc_type_uses_all_docs>
                <Class TestGenerateUrlsUseCaseYearErrors>
                  <Function test_generate_urls_with_start_year_too_old_raises_error>
                  <Function test_generate_urls_with_future_end_year_raises_error>
                  <Function test_generate_urls_with_start_greater_than_end_raises_error>
                  <Function test_generate_urls_with_non_integer_year_raises_error>
                <Class TestGenerateUrlsUseCaseEdgeCases>
                  <Function test_generate_urls_preserves_doc_type_order>
                  <Function test_generate_urls_handles_case_insensitive_docs>
                  <Function test_generate_urls_returns_unique_urls>
                  <Function test_generate_urls_large_year_range>
                  <Function test_generate_urls_multiple_calls_consistent>
                <Class TestGenerateUrlsUseCaseIntegration>
                  <Function test_generate_urls_uses_dict_zips_to_download>
                  <Function test_generate_urls_all_urls_are_valid_http>
                  <Function test_generate_urls_logging_works>
                <Class TestGenerateUrlsUseCasePerformance>
                  <Function test_generate_urls_performance_many_docs_and_years>
                  <Function test_generate_urls_memory_efficiency>
              <Module test_generate_range_years_use_case.py>
                <Class TestGenerateRangeYearsUseCasesInitialization>
                  <Function test_initialization_succeeds>
                  <Function test_initialization_creates_available_years_instance>
                  <Function test_initialization_logs_debug_message>
                <Class TestGenerateRangeYearsUseCasesExecuteSuccess>
                  <Function test_execute_with_valid_year_range_returns_range>
                  <Function test_execute_with_single_year_returns_single_element_range>
                  <Function test_execute_with_none_years_uses_defaults>
                  <Function test_execute_with_none_initial_year_uses_default>
                  <Function test_execute_with_none_last_year_uses_current_year>
                  <Function test_execute_with_large_year_range>
                  <Function test_execute_returns_consecutive_years>
                <Class TestGenerateRangeYearsUseCasesExecuteErrors>
                  <Function test_execute_with_invalid_initial_year_raises_error>
                  <Function test_execute_with_future_last_year_raises_error>
                  <Function test_execute_with_initial_greater_than_last_raises_error>
                  <Function test_execute_with_non_integer_initial_year_raises_error>
                  <Function test_execute_with_non_integer_last_year_raises_error>
                  <Function test_execute_with_float_years_raises_error>
                <Class TestGenerateRangeYearsUseCasesLogging>
                  <Function test_execute_logs_debug_message>
                  <Function test_execute_logs_info_message_with_range>
                  <Function test_execute_logs_error_on_exception>
                <Class TestGenerateRangeYearsUseCasesEdgeCases>
                  <Function test_execute_multiple_calls_consistent>
                  <Function test_execute_with_minimum_valid_year>
                  <Function test_execute_with_current_year>
                  <Function test_execute_range_is_iterable>
                  <Function test_execute_range_supports_len>
                  <Function test_execute_range_supports_membership>
                <Class TestGenerateRangeYearsUseCasesIntegration>
                  <Function test_execute_integrates_with_available_years>
                  <Function test_execute_respects_available_years_constraints>
                  <Function test_execute_respects_current_year_constraint>
                  <Function test_execute_can_be_used_in_loops>
                  <Function test_execute_result_can_be_converted_to_list>
                <Class TestGenerateRangeYearsUseCasesPerformance>
                  <Function test_execute_performance_large_range>
                  <Function test_execute_memory_efficiency>
              <Module test_get_available_docs_use_case.py>
                <Class TestGetAvailableDocsUseCase>
                  <Function test_initialization_succeeds>
                  <Function test_initialization_creates_available_docs_instance>
                  <Function test_execute_returns_dict>
                  <Function test_execute_returns_non_empty_dict>
                  <Function test_execute_returns_expected_document_types>
                  <Function test_execute_returns_exact_document_count>
                  <Function test_execute_all_values_are_strings>
                  <Function test_execute_all_keys_are_uppercase>
                  <Function test_execute_values_are_non_empty>
                  <Function test_execute_returns_copy_not_reference>
                  <Function test_execute_returns_consistent_results>
                  <Function test_initialization_logs_debug_message>
                  <Function test_execute_logs_info_message>
                  <Function test_execute_logs_debug_message_on_success>
                  <Function test_execute_raises_exception_when_available_docs_fails>
                  <Function test_execute_logs_error_on_exception>
                  <Function test_execute_raises_runtime_error>
                  <Function test_execute_raises_value_error>
                  <Function test_execute_raises_timeout_error>
                  <Function test_execute_raises_type_error>
                  <Function test_execute_returns_specific_doc_descriptions>
                  <Function test_multiple_instances_are_independent>
                  <Function test_execute_returns_immutable_data>
                  <Function test_execute_with_available_docs_instance>
                  <Function test_execute_dfp_document_exists_and_valid>
                  <Function test_execute_all_documents_have_valid_structure>
                  <Function test_execute_returns_mocked_data>
                  <Function test_execute_with_empty_dict_from_available_docs>
                  <Function test_execute_with_large_dataset>
                  <Function test_execute_propagates_generic_exception>
                  <Function test_execute_propagates_attribute_error>
                  <Function test_execute_propagates_os_error>
                  <Function test_execute_return_type_is_dict>
                  <Function test_execute_with_special_characters_in_values>
                  <Function test_execute_dict_keys_remain_constant>
                  <Function test_execute_dict_values_remain_constant>
              <Module test_get_available_years_use_case.py>
                <Class TestGetAvailableYearsUseCase>
                  <Function test_execute_returns_years_info>
                  <Function test_execute_contains_required_keys>
                  <Function test_execute_all_values_are_integers>
                  <Function test_minimum_years_are_reasonable>
                  <Function test_current_year_is_reasonable>
                  <Function test_initialization_does_not_raise>
              <Module test_verify_paths_use_cases.py>
                <Class TestVerifyPathsUseCasesInitialization>
                  <Function test_initialization_with_valid_parameters>
                  <Function test_initialization_validates_destination_path>
                  <Function test_initialization_with_empty_doc_set_raises_error>
                  <Function test_initialization_logs_debug_message>
                <Class TestVerifyPathsUseCasesExecute>
                  <Function test_execute_creates_doc_subdirectories>
                  <Function test_execute_creates_year_subdirectories>
                  <Function test_execute_creates_complete_directory_structure>
                  <Function test_execute_returns_docs_paths>
                  <Function test_execute_docs_paths_has_correct_structure>
                  <Function test_execute_handles_existing_directories>
                  <Function test_execute_logs_success_message>
                  <Function test_execute_prints_message>
                  <Function test_execute_with_single_doc_single_year>
                  <Function test_execute_with_many_docs_and_years>
                <Class TestVerifyPathsUseCasesEdgeCases>
                  <Function test_execute_with_path_containing_spaces>
                  <Function test_execute_with_unicode_path>
                  <Function test_execute_handles_long_year_range>
                  <Function test_execute_with_multiple_docs_different_structures>
                  <Function test_execute_is_idempotent>
                <Class TestVerifyPathsUseCasesDocumentYearValidation>
                  <Function test_itr_skips_years_before_2011>
                  <Function test_cgvn_skips_years_before_2018>
                  <Function test_vlmo_skips_years_before_2018>
                  <Function test_dfp_accepts_all_years_from_2010>
                  <Function test_fre_accepts_all_years_from_2010>
                  <Function test_mixed_documents_different_year_constraints>
                  <Function test_itr_with_only_valid_years>
                  <Function test_cgvn_with_only_invalid_years>
                  <Function test_case_insensitive_document_name_validation>
                  <Function test_all_doc_types_with_full_year_range>
                <Class TestVerifyPathsUseCasesIntegration>
                  <Function test_verify_paths_integrates_with_download_workflow>
                  <Function test_verify_paths_accepts_set_from_generate_urls>
                  <Function test_verify_paths_accepts_range_from_generate_range_years>
          <Dir domain>
            <Module test_available_docs.py>
              <Class TestAvailableDocs>
                <Function test_get_available_docs_returns_dict>
                <Function test_get_available_docs_returns_all_expected_keys>
                <Function test_get_available_docs_returns_copy>
                <Function test_get_available_docs_values_are_strings>
                <Function test_get_available_docs_keys_are_uppercase>
                <Function test_validate_docs_name_with_valid_doc_uppercase>
                <Function test_validate_docs_name_with_valid_doc_lowercase>
                <Function test_validate_docs_name_with_valid_doc_mixed_case>
                <Function test_validate_docs_name_with_spaces>
                <Function test_validate_docs_name_with_invalid_doc_name>
                <Function test_validate_docs_name_with_empty_string>
                <Function test_validate_docs_name_with_non_string_type_integer>
                <Function test_validate_docs_name_with_non_string_type_list>
                <Function test_validate_docs_name_with_non_string_type_dict>
                <Function test_validate_docs_name_with_none>
                <Function test_validate_docs_name_with_float>
                <Function test_validate_docs_name_with_boolean>
                <Function test_validate_all_available_docs>
                <Function test_doc_descriptions_not_empty>
              <Class TestUrlDocs>
                <Function test_url_docs_initialization>
                <Function test_get_url_docs_without_parameters_returns_all_urls>
                <Function test_get_url_docs_returns_list_of_strings>
                <Function test_get_url_docs_urls_start_with_https>
                <Function test_get_url_docs_urls_contain_cvm_domain>
                <Function test_get_url_docs_with_single_doc>
                <Function test_get_url_docs_with_multiple_docs>
                <Function test_get_url_docs_with_lowercase_doc_name>
                <Function test_get_url_docs_with_mixed_case_doc_name>
                <Function test_get_url_docs_with_invalid_doc_name>
                <Function test_get_url_docs_with_non_list_parameter>
                <Function test_get_url_docs_with_dict_parameter>
                <Function test_get_url_docs_with_integer_parameter>
                <Function test_get_url_docs_with_empty_list>
                <Function test_get_url_docs_with_all_available_docs>
                <Function test_get_url_docs_with_duplicate_docs>
                <Function test_get_url_docs_with_non_string_in_list>
                <Function test_get_url_docs_with_mixed_valid_invalid_docs>
                <Function test_get_url_docs_specific_urls_for_each_doc>
                <Function test_get_url_docs_urls_end_correctly>
                <Function test_get_url_docs_order_preserved>
                <Function test_get_url_docs_with_none_returns_all>
            <Module test_available_years.py>
              <Class TestAvailableYears>
                <Function test_get_atual_year_returns_current_year>
                <Function test_get_atual_year_returns_integer>
                <Function test_get_minimal_geral_year_returns_2010>
                <Function test_get_minimal_geral_year_returns_integer>
                <Function test_get_minimal_itr_year_returns_2011>
                <Function test_get_minimal_itr_year_returns_integer>
                <Function test_get_minimal_cgvn_vlmo_year_returns_2018>
                <Function test_get_minimal_cgvn_vlmo_year_returns_integer>
                <Function test_return_range_years_with_default_parameters>
                <Function test_return_range_years_with_custom_range>
                <Function test_return_range_years_single_year>
                <Function test_return_range_years_with_only_initial_year>
                <Function test_return_range_years_with_only_last_year>
                <Function test_return_range_years_includes_both_boundaries>
                <Function test_return_range_years_with_initial_year_below_minimum_raises_error>
                <Function test_return_range_years_with_initial_year_above_current_raises_error>
                <Function test_return_range_years_with_last_year_above_current_raises_error>
                <Function test_return_range_years_with_last_year_before_initial_raises_error>
                <Function test_return_range_years_with_non_integer_initial_year_raises_error>
                <Function test_return_range_years_with_float_initial_year_raises_error>
                <Function test_return_range_years_with_non_integer_last_year_raises_error>
                <Function test_return_range_years_with_float_last_year_raises_error>
                <Function test_return_range_years_with_none_values_uses_defaults>
                <Function test_return_range_years_with_minimum_year_2010>
                <Function test_return_range_years_with_current_year>
                <Function test_return_range_years_respects_mocked_current_year>
                <Function test_return_range_years_with_year_2009_raises_invalid_first_year>
                <Function test_return_range_years_with_reversed_years_raises_invalid_last_year>
                <Function test_return_range_years_consecutive_years>
                <Function test_return_range_years_large_range>
                <Function test_return_range_years_iterable>
                <Function test_return_range_years_can_be_converted_to_list>
                <Function test_return_range_years_with_boundary_year_2010>
                <Function test_return_range_years_error_messages_contain_year_info>
                <Function test_invalid_first_year_with_boolean>
                <Function test_invalid_last_year_with_list>
                <Function test_return_range_years_minimum_boundary>
                <Function test_return_range_years_maximum_boundary>
                <Function test_constants_relationship>
            <Module test_dict_zips_download.py>
              <Class TestDictZipsToDownload>
                <Function test_initialization>
                <Function test_get_dict_zips_to_download_returns_dict>
                <Function test_get_dict_zips_to_download_returns_strings>
                <Function test_get_dict_zips_to_download_single_doc_single_year>
                <Function test_get_dict_zips_to_download_single_doc_multiple_years>
                <Function test_get_dict_zips_to_download_multiple_docs_single_year>
                <Function test_get_dict_zips_to_download_multiple_docs_multiple_years>
                <Function test_get_dict_zips_to_download_with_default_parameters>
                <Function test_get_dict_zips_to_download_all_urls_end_with_zip>
                <Function test_get_dict_zips_to_download_all_urls_start_with_https>
                <Function test_get_dict_zips_to_download_urls_contain_cvm_domain>
                <Function test_get_dict_zips_to_download_with_only_list_docs>
                <Function test_get_dict_zips_to_download_with_only_initial_year>
                <Function test_get_dict_zips_to_download_with_only_last_year>
                <Function test_get_dict_zips_to_download_with_lowercase_doc_name>
                <Function test_get_dict_zips_to_download_with_mixed_case_doc_name>
                <Function test_get_dict_zips_to_download_with_invalid_doc_raises_error>
                <Function test_get_dict_zips_to_download_with_non_string_doc_raises_error>
                <Function test_get_dict_zips_to_download_with_invalid_first_year_raises_error>
                <Function test_get_dict_zips_to_download_with_invalid_last_year_raises_error>
                <Function test_get_dict_zips_to_download_with_future_year_raises_error>
                <Function test_get_dict_zips_to_download_with_year_before_minimum_raises_error>
                <Function test_get_dict_zips_to_download_order_years_then_docs>
                <Function test_get_dict_zips_to_download_all_seven_docs>
                <Function test_get_dict_zips_to_download_with_empty_list_docs>
                <Function test_get_dict_zips_to_download_url_format_is_correct>
                <Function test_get_dict_zips_to_download_with_duplicate_docs>
                <Function test_get_dict_zips_to_download_range_includes_boundaries>
                <Function test_get_dict_zips_to_download_with_minimum_year_2010>
                <Function test_get_dict_zips_to_download_with_current_year>
                <Function test_get_dict_zips_to_download_no_duplicate_urls>
                <Function test_get_dict_zips_to_download_large_year_range>
                <Function test_get_dict_zips_to_download_specific_url_structure_for_each_doc>
                <Function test_get_dict_zips_to_download_with_non_list_docs_type_raises_error>
                <Function test_get_dict_zips_to_download_with_string_years_raises_error>
                <Function test_get_dict_zips_to_download_with_float_years_raises_error>
                <Function test_get_dict_zips_to_download_combinations>
                <Function test_get_dict_zips_to_download_uses_dependencies_correctly>
                <Function test_get_dict_zips_to_download_result_is_new_list>
            <Module test_download_result.py>
              <Class TestDownloadResultInitialization>
                <Function test_init_with_defaults>
                <Function test_init_with_successful_downloads_list>
                <Function test_init_with_failed_downloads>
                <Function test_init_with_both_parameters>
              <Class TestDownloadResultProperties>
                <Function test_success_count_downloads_with_empty_result>
                <Function test_success_count_downloads_calculation>
                <Function test_error_count_with_empty_result>
                <Function test_error_count_calculation>
                <Function test_success_count_downloads_is_readonly_property>
                <Function test_error_count_is_readonly_property>
              <Class TestDownloadResultAddSuccess>
                <Function test_add_success_to_empty_result>
                <Function test_add_success_to_existing_result>
                <Function test_add_success_prevents_duplicates>
                <Function test_add_success_multiple_items>
              <Class TestDownloadResultAddError>
                <Function test_add_error_to_empty_result>
                <Function test_add_error_to_existing_result>
                <Function test_add_error_overwrites_previous_error>
                <Function test_add_multiple_errors>
              <Class TestDownloadResultStringRepresentation>
                <Function test_str_format_with_data>
                <Function test_str_format_with_empty_result>
                <Function test_str_format_only_successes>
                <Function test_str_format_only_errors>
              <Class TestDownloadResultIntegration>
                <Function test_mixed_operations>
                <Function test_result_as_return_value>
                <Function test_complete_workflow>
                <Function test_error_messages_are_preserved>
                <Function test_large_scale_operations>
                <Function test_adding_same_success_multiple_times>
                <Function test_adding_same_error_multiple_times_overwrites>
                <Function test_interleaving_success_and_error_for_different_items>
                <Function test_empty_string_as_item_name>
                <Function test_unicode_in_item_names_and_errors>
                <Function test_long_error_messages>
                <Function test_dataclass_equality>
                <Function test_dataclass_inequality>
                <Function test_result_is_mutable>
                <Function test_clearing_lists_affects_counts>
                <Function test_handling_very_long_item_names>
                <Function test_adding_none_as_item_raises_no_error>
                <Function test_error_message_with_newlines>
                <Function test_concurrent_modifications_simulation>
                <Function test_special_characters_in_error_messages>
                <Function test_mixed_types_in_successful_downloads>
                <Function test_repr_or_str_doesnt_include_sensitive_data>
                <Function test_add_success_with_same_item_different_case>
                <Function test_error_message_preservation_with_quotes>
                <Function test_batch_operations_maintain_consistency>
          <Dir exceptions>
            <Module test_exceptions_domain.py>
              <Class TestInvalidFirstYear>
                <Function test_message_format_exact>
                <Function test_is_exception_subclass>
                <Function test_can_be_raised_and_caught>
                <Function test_with_different_year_ranges>
                <Function test_with_boundary_years>
                <Function test_message_contains_keywords>
              <Class TestInvalidLastYear>
                <Function test_message_format_exact>
                <Function test_is_exception_subclass>
                <Function test_can_be_raised_and_caught>
                <Function test_with_different_year_ranges>
                <Function test_shows_first_year_reference>
                <Function test_with_boundary_years>
                <Function test_message_contains_keywords>
              <Class TestInvalidDocName>
                <Function test_message_format_exact>
                <Function test_is_exception_subclass>
                <Function test_can_be_raised_and_caught>
                <Function test_shows_all_available_docs>
                <Function test_with_empty_doc_name>
                <Function test_with_empty_available_list>
                <Function test_with_single_available_doc>
                <Function test_with_many_available_docs>
                <Function test_with_special_characters>
                <Function test_with_accented_characters>
                <Function test_with_numeric_doc_names>
                <Function test_message_contains_string_keyword>
              <Class TestInvalidTypeDoc>
                <Function test_message_format_exact_with_string_input>
                <Function test_message_format_exact_with_int_input>
                <Function test_is_exception_subclass>
                <Function test_can_be_raised_and_caught>
                <Function test_with_integer_value>
                <Function test_with_float_value>
                <Function test_with_none_value>
                <Function test_with_list_value>
                <Function test_with_dict_value>
                <Function test_with_boolean_true>
                <Function test_with_boolean_false>
                <Function test_with_empty_string>
                <Function test_message_always_mentions_string_requirement>
              <Class TestEmptyDocumentListError>
                <Function test_message_format>
                <Function test_is_exception_subclass>
                <Function test_can_be_raised_and_caught>
                <Function test_suggests_alternative>
                <Function test_message_mentions_document_list>
              <Class TestDomainExceptionsIntegration>
                <Function test_all_domain_exceptions_are_exceptions>
                <Function test_catch_all_as_generic_exception>
                <Function test_specific_exception_catching>
                <Function test_all_exceptions_have_non_empty_messages>
                <Function test_validation_workflow>
                <Function test_year_boundary_conditions>
                <Function test_doc_exceptions_with_many_documents>
          <Dir infra>
            <Dir adapters>
              <Module test_httpx_async_download_adapter.py>
                <Class TestHttpxAsyncDownloadAdapterInitialization>
                  <Function test_init_with_default_values>
                  <Function test_init_with_custom_values>
                  <Function test_init_creates_requests_adapter>
                  <Function test_init_creates_retry_strategy>
                  <Function test_init_with_zero_max_concurrent>
                  <Function test_init_with_very_high_concurrency>
                <Class TestHttpxAsyncDownloadAdapterAsyncMethods>
                  <Coroutine test_download_with_retry_success_first_attempt>
                  <Coroutine test_download_with_retry_failure_after_retries>
                  <Coroutine test_download_with_retry_success_on_second_attempt>
                  <Coroutine test_download_with_retry_non_retryable_error>
                  <Coroutine test_download_with_retry_timeout_error>
                  <Coroutine test_download_with_retry_cleans_up_on_failure>
                  <Coroutine test_download_with_retry_backoff>
                <Class TestHttpxAsyncDownloadAdapterStreamDownload>
                  <Coroutine test_stream_download_cleans_up_on_error>
                  <Coroutine test_stream_download_calls_requests_adapter>
                  <Coroutine test_stream_download_uses_custom_chunk_size>
                <Class TestHttpxAsyncDownloadAdapterDownloadAndExtract>
                  <Coroutine test_download_and_extract_without_automatic_extractor>
                  <Coroutine test_download_and_extract_with_automatic_extractor>
                  <Coroutine test_download_and_extract_no_parquet_files_keeps_zip>
                  <Coroutine test_download_and_extract_extraction_error>
                  <Coroutine test_download_and_extract_disk_full_error>
                  <Coroutine test_download_and_extract_unexpected_extraction_error>
                  <Coroutine test_download_and_extract_download_failure>
                  <Coroutine test_download_and_extract_updates_progress>
                <Class TestHttpxAsyncDownloadAdapterConcurrency>
                  <Coroutine test_execute_async_downloads_respects_semaphore>
                  <Coroutine test_execute_async_downloads_with_empty_tasks>
                <Class TestHttpxAsyncDownloadAdapterEdgeCases>
                  <Function test_adapter_with_none_extractor>
                  <Function test_download_docs_with_malformed_tasks>
                <Class TestHttpxAsyncDownloadAdapterDownloadDocsRepository>
                  <Function test_implements_download_docs_method>
                  <Function test_can_be_used_as_download_repository>
              <Module test_parquet_extractor.py>
                <Class TestParquetExtractorInitialization>
                  <Function test_init_creates_extractor_adapter>
                <Class TestParquetExtractorErrorHandling>
                  <Function test_extract_raises_error_on_nonexistent_zip>
                  <Function test_extract_raises_corrupted_zip_error>
                  <Function test_extract_wraps_unexpected_exception>
                <Class TestParquetExtractorSuccessfulExtraction>
                  <Function test_extract_real_zip_file>
                  <Function test_extract_multiple_csv_files>
                  <Function test_extract_nonexistent_zip_raises_error>
                  <Function test_extract_empty_zip>
                  <Function test_extract_zip_with_non_csv_files>
                <Class TestParquetExtractorFileExtractorInterface>
                  <Function test_implements_extract_method>
                  <Function test_extract_signature_matches_interface>
                  <Function test_can_be_used_as_file_extractor_repository>
          <Dir integration>
            <Module test_atomic_rollback.py>
              <Class TestAtomicRollback>
                <Function test_rollback_preserves_existing_files>
                <Function test_partial_success_triggers_atomic_rollback>
                <Function test_rollback_does_not_leave_partial_parquet_files>
                <Function test_created_files_tracking_is_accurate>
            <Module test_data_integrity.py>
              <Class TestDataIntegrity>
                <Function test_no_data_loss_during_extraction>
                <Function test_no_data_loss_with_special_characters>
                <Function test_no_data_loss_with_large_numbers>
                <Function test_empty_csv_does_not_cause_data_loss>
                <Function test_extracted_parquet_matches_csv_content>
                <Function test_handles_empty_values_correctly>
                <Function test_handles_large_numbers_precision>
                <Function test_handles_latin1_encoding_correctly>
            <Module test_extraction_memory_safety.py>
              <Class TestMemorySafety>
                <Function test_extraction_does_not_load_full_file_in_memory>
                <Function test_multiple_large_files_do_not_accumulate_memory>
                <Function test_fallback_respects_memory_limit>
            <Module test_no_overwrite.py>
              <Class TestNoOverwrite>
                <Function test_existing_parquet_is_never_overwritten>
                <Function test_multiple_extraction_attempts_overwrite_original>
                <Function test_concurrent_extractions_overwrite>
                <Function test_partial_extraction_overwrites_existing_files>
            <Module test_zip_cleanup.py>
              <Class TestZipCleanup>
                <Function test_zip_deleted_after_successful_extraction>
                <Function test_zip_kept_on_extraction_failure>
                <Function test_zip_kept_if_no_parquet_generated>
                <Function test_integration_with_httpx_adapter>
                <Function test_cleanup_does_not_delete_other_zips>
    <Dir core>
      <Module test_config.py>
        <Function test_defaults_imported_settings>
        <Function test_env_overrides_reflect_after_reload>
        <Function test_network_settings_bounds_validation>
        <Class TestSettingsScenarios>
          <Function test_scenarios_debug_flag>
          <Function test_scenarios_network_user_agent>
          <Function test_scenarios_network_retry_backoff_bounds>
          <Function test_scenarios_network_max_retries_bounds>
          <Function test_scenarios_network_timeout_bounds>
        <Function test_extra_fields_in_env_file_are_ignored>
      <Module test_logging_config.py>
        <Class TestLoggingConfiguration>
          <Function test_get_logger_returns_logger>
          <Function test_setup_logging_creates_handlers>
          <Function test_setup_logging_with_file>
          <Function test_log_with_context_executes>
          <Function test_log_execution_time_success_executes>
          <Function test_log_execution_time_failure_raises>
          <Function test_different_log_levels_execute>
          <Function test_setup_logging_with_detailed_format>
          <Function test_remove_file_removes_existing_file>
          <Function test_remove_file_nonexistent_does_not_raise>
          <Function test_is_logging_configured_and_get_logging_settings>
      <Dir utils>
        <Module test_progress.py>
          <Class TestSimpleProgressBar>
            <Function test_initialization_with_positive_total>
            <Function test_initialization_with_zero_total>
            <Function test_initialization_with_negative_total>
            <Function test_initialization_prints_starting_message>
            <Function test_initialization_no_print_for_zero_total>
            <Function test_update_increments_current>
            <Function test_update_with_custom_amount>
            <Function test_update_with_zero_amount>
            <Function test_update_with_negative_amount>
            <Function test_update_does_not_print_too_frequently>
            <Function test_update_always_prints_at_completion>
            <Function test_print_with_zero_total_does_nothing>
            <Function test_print_displays_correct_format>
            <Function test_print_displays_progress_bar_characters>
            <Function test_close_prints_final_state>
            <Function test_close_prints_newline>
            <Function test_close_with_zero_total_does_nothing>
            <Function test_full_workflow_with_updates>
            <Function test_exceeding_total_still_works>
            <Function test_progress_calculation_accuracy>
            <Function test_width_parameter_affects_bar_size>
            <Function test_float_total_converts_to_int>
            <Function test_float_amount_converts_to_int>
            <Function test_desc_parameter_is_stored>
            <Function test_empty_desc_works>
            <Function test_concurrent_updates_maintain_consistency>
            <Function test_last_print_time_initialization>
            <Function test_full_bar_display_at_50_percent>
            <Function test_full_bar_display_at_100_percent>
            <Function test_full_bar_display_at_0_percent>
        <Module test_resource_monitor.py>
          <Class TestResourceMonitor>
            <Function test_singleton_pattern>
            <Function test_initialization_with_default_limits>
            <Function test_initialization_with_custom_limits>
            <Function test_check_resources_healthy>
            <Function test_check_resources_warning>
            <Function test_check_resources_critical>
            <Function test_check_resources_exhausted>
            <Function test_circuit_breaker_cooldown>
            <Function test_get_safe_worker_count_reduces_on_pressure>
            <Function test_get_safe_batch_size_reduces_on_pressure>
            <Function test_wait_for_resources_success>
            <Function test_no_psutil_fallback>
            <Function test_minimum_free_memory_threshold>
            <Function test_get_process_memory_mb_returns_float>
            <Function test_maybe_force_gc_runs_without_error>
        <Module test_retry_strategy.py>
          <Class TestRetryStrategy>
            <Function test_initialization_with_default_values>
            <Function test_initialization_with_custom_values>
            <Function test_is_retryable_with_network_error>
            <Function test_is_retryable_with_timeout_error>
            <Function test_is_retryable_with_requests_connection_error>
            <Function test_is_not_retryable_with_path_permission_error>
            <Function test_is_not_retryable_with_disk_full_error>
            <Function test_is_not_retryable_with_value_error>
            <Function test_is_retryable_with_timeout_keyword>
            <Function test_is_retryable_with_connection_refused_keyword>
            <Function test_is_retryable_with_connection_reset_keyword>
            <Function test_is_retryable_with_connection_aborted_keyword>
            <Function test_is_retryable_with_temporarily_keyword>
            <Function test_is_retryable_with_unavailable_keyword>
            <Function test_is_retryable_with_try_again_keyword>
            <Function test_is_retryable_case_insensitive>
            <Function test_is_not_retryable_with_unrelated_error>
            <Function test_calculate_backoff_first_retry>
            <Function test_calculate_backoff_second_retry>
            <Function test_calculate_backoff_third_retry>
            <Function test_calculate_backoff_exponential_growth>
            <Function test_calculate_backoff_respects_max_backoff>
            <Function test_calculate_backoff_with_high_retry_count>
            <Function test_calculate_backoff_with_custom_multiplier>
            <Function test_calculate_backoff_with_fractional_multiplier>
            <Function test_calculate_backoff_zero_retry_count>
            <Function test_calculate_backoff_with_small_initial_backoff>
            <Function test_calculate_backoff_reaches_max_gradually>
            <Function test_retryable_keywords_constant_exists>
            <Function test_retryable_keywords_contains_expected_values>
            <Function test_multiple_keywords_in_single_message>
            <Function test_is_retryable_with_empty_exception_message>
            <Function test_calculate_backoff_sequence_consistency>
    <Dir macro_exceptions>
      <Module test_macro_exceptions.py>
        <Class TestEmptyDirectoryError>
          <Function test_initialization_with_path>
          <Function test_message_format>
          <Function test_with_relative_path>
          <Function test_with_special_characters_in_path>
          <Function test_can_be_raised_and_caught>
          <Function test_inheritance>
          <Function test_with_empty_string_path>
          <Function test_with_windows_path>
        <Class TestInvalidDestinationPathError>
          <Function test_initialization_with_reason>
          <Function test_message_format>
          <Function test_with_detailed_reason>
          <Function test_inheritance_from_value_error>
          <Function test_can_be_raised_and_caught_as_value_error>
          <Function test_can_be_raised_and_caught_specifically>
          <Function test_with_empty_reason>
          <Function test_with_special_characters_in_reason>
        <Class TestPathIsNotDirectoryError>
          <Function test_initialization_with_path>
          <Function test_message_format>
          <Function test_with_relative_path>
          <Function test_inheritance_from_value_error>
          <Function test_can_be_raised_and_caught>
          <Function test_with_windows_path>
        <Class TestPathPermissionError>
          <Function test_initialization_with_path>
          <Function test_message_format>
          <Function test_with_relative_path>
          <Function test_inheritance_from_os_error>
          <Function test_can_be_raised_and_caught_as_os_error>
          <Function test_can_be_raised_and_caught_specifically>
          <Function test_with_special_characters_in_path>
        <Class TestNetworkError>
          <Function test_initialization_with_doc_name_only>
          <Function test_initialization_with_doc_name_and_message>
          <Function test_message_format_without_optional_message>
          <Function test_message_format_with_optional_message>
          <Function test_can_be_raised_and_caught>
          <Function test_with_empty_doc_name>
          <Function test_with_special_characters_in_doc_name>
          <Function test_inheritance>
        <Class TestTimeoutError>
          <Function test_initialization_with_doc_name_only>
          <Function test_initialization_with_doc_name_and_timeout>
          <Function test_message_format_without_timeout>
          <Function test_message_format_with_timeout>
          <Function test_with_integer_timeout>
          <Function test_with_zero_timeout>
          <Function test_with_large_timeout>
          <Function test_can_be_raised_and_caught>
          <Function test_inheritance>
        <Class TestExtractionError>
          <Function test_initialization_with_path_and_message>
          <Function test_message_format>
          <Function test_with_detailed_message>
          <Function test_can_be_raised_and_caught>
          <Function test_with_relative_path>
          <Function test_inheritance>
        <Class TestCorruptedZipError>
          <Function test_initialization_with_zip_path_and_message>
          <Function test_message_format>
          <Function test_inheritance_from_extraction_error>
          <Function test_can_be_raised_and_caught_as_extraction_error>
          <Function test_can_be_raised_and_caught_specifically>
          <Function test_with_detailed_message>
        <Class TestDiskFullError>
          <Function test_initialization_with_path>
          <Function test_message_format>
          <Function test_with_relative_path>
          <Function test_inheritance_from_os_error>
          <Function test_can_be_raised_and_caught_as_os_error>
          <Function test_can_be_raised_and_caught_specifically>
          <Function test_with_windows_path>
        <Class TestSecurityError>
          <Function test_initialization_with_message_only>
          <Function test_initialization_with_message_and_path>
          <Function test_message_format_without_path>
          <Function test_message_format_with_path>
          <Function test_with_path_traversal_message>
          <Function test_can_be_raised_and_caught>
          <Function test_with_empty_message>
          <Function test_inheritance>
        <Class TestExceptionIntegration>
          <Function test_all_exceptions_inherit_from_exception>
          <Function test_value_error_subclasses>
          <Function test_os_error_subclasses>
          <Function test_extraction_error_hierarchy>
          <Function test_catch_specific_vs_generic_exception>
          <Function test_multiple_exception_handling_workflow>
          <Function test_exception_string_representations>
          <Function test_exception_chaining>
          <Function test_exception_with_context_manager>
    <Dir macro_infra>
      <Module test_extractor_file.py>
        <Class TestExtractorListFilesInZip>
          <Function test_list_files_zip_not_found_raises_error>
          <Function test_list_files_corrupted_zip_raises_error>
          <Function test_list_files_no_filter_returns_all>
          <Function test_list_files_with_extension_filter>
          <Function test_list_files_empty_zip_returns_empty>
        <Class TestExtractorOpenFileFromZip>
          <Function test_open_file_not_in_zip_raises_error>
          <Function test_open_file_successful>
        <Class TestExtractorReadTxtFromZipAsync>
          <Coroutine test_async_read_txt_file_not_found>
          <Coroutine test_async_read_txt_corrupted_zip>
          <Coroutine test_async_read_txt_no_txt_file>
          <Coroutine test_async_read_txt_successful>
          <Coroutine test_async_read_txt_empty_file>
          <Coroutine test_async_read_txt_large_file>
          <Coroutine test_async_read_txt_filters_empty_lines>
          <Coroutine test_async_read_txt_handles_decode_errors>
          <Coroutine test_async_read_txt_partial_iteration>
        <Class TestExtractorEdgeCases>
          <Coroutine test_concurrent_async_reads>
      <Module test_read_files_adapter.py>
        <Class TestReadFilesAdapter>
          <Function test_read_csv_test_encoding_detects_any_supported_encoding[col1;col2\n1;2\n3;4\n0]>
          <Function test_read_csv_test_encoding_detects_any_supported_encoding[col1;col2\n1;2\n3;4\n1]>
          <Function test_read_csv_test_encoding_detects_any_supported_encoding[col1;col2\n1;2\n3;4\n2]>
          <Function test_read_csv_test_encoding_detects_any_supported_encoding[col1;col2\n1;2\n3;4\n3]>
          <Function test_read_csv_test_encoding_detects_supported_encoding_with_non_ascii>
          <Function test_read_csv_test_encoding_logs_and_skips_bad_encoding>
          <Function test_read_csv_chunk_size_yields_correct_chunks>
      <Module test_requests_adapter.py>
        <Class TestRequestsAdapterInitialization>
          <Function test_initialization_with_defaults>
          <Function test_initialization_with_custom_params>
        <Class TestRequestsAdapterAsyncMethods>
          <Coroutine test_async_head_request_success>
          <Coroutine test_async_head_with_custom_headers>
          <Coroutine test_async_head_with_custom_timeout>
        <Class TestRequestsAdapterDownload>
          <Coroutine test_async_download_file_success>
          <Coroutine test_async_download_file_with_custom_chunk_size>
          <Coroutine test_async_download_file_handles_http_error>
          <Coroutine test_async_download_file_handles_disk_write_error>

======================== 1285 tests collected in 1.50s =========================
